Using pre-set license
Built from '2021.1/staging' branch; Version is '2021.1.12f1 (afcadd793de6) revision 11520733'; Using compiler version '192528614'; Build Type 'Release'
OS: 'Windows 10 Home; OS build 19043.1110; Version 2009; 64bit' Language: 'en' Physical Memory: 16303 MB
BatchMode: 1, IsHumanControllingUs: 0, StartBugReporterOnCrash: 0, Is64bit: 1, IsPro: 0

 COMMAND LINE ARGUMENTS:
C:\Program Files\Unity\Hub\Editor\2021.1.12f1\Editor\Unity.exe
-adb2
-batchMode
-noUpm
-name
AssetImportWorker0
-projectPath
D:/f35_new/f35
-logFile
Logs/AssetImportWorker0.log
-srvPort
53756
Successfully changed project path to: D:/f35_new/f35
D:/f35_new/f35
Using Asset Import Pipeline V2.
Refreshing native plugins compatible for Editor in 102.30 ms, found 2 plugins.
Preloading 0 native plugins for Editor in 0.00 ms.
Initialize engine version: 2021.1.12f1 (afcadd793de6)
[Subsystems] Discovering subsystems at path C:/Program Files/Unity/Hub/Editor/2021.1.12f1/Editor/Data/Resources/UnitySubsystems
[Subsystems] Discovering subsystems at path D:/f35_new/f35/Assets
GfxDevice: creating device client; threaded=0; jobified=0
Direct3D:
    Version:  Direct3D 11.0 [level 11.1]
    Renderer: NVIDIA GeForce GTX 1660 Ti (ID=0x2191)
    Vendor:   NVIDIA
    VRAM:     5991 MB
    Driver:   27.21.14.6627
Initialize mono
Mono path[0] = 'C:/Program Files/Unity/Hub/Editor/2021.1.12f1/Editor/Data/Managed'
Mono path[1] = 'C:/Program Files/Unity/Hub/Editor/2021.1.12f1/Editor/Data/MonoBleedingEdge/lib/mono/unityjit'
Mono config path = 'C:/Program Files/Unity/Hub/Editor/2021.1.12f1/Editor/Data/MonoBleedingEdge/etc'
Using monoOptions --debugger-agent=transport=dt_socket,embedding=1,server=y,suspend=n,address=127.0.0.1:56632
Begin MonoManager ReloadAssembly
Registering precompiled unity dll's ...
Register platform support module: C:/Program Files/Unity/Hub/Editor/2021.1.12f1/Editor/Data/PlaybackEngines/WebGLSupport/UnityEditor.WebGL.Extensions.dll
Register platform support module: C:/Program Files/Unity/Hub/Editor/2021.1.12f1/Editor/Data/PlaybackEngines/WindowsStandaloneSupport/UnityEditor.WindowsStandalone.Extensions.dll
Registered in 0.003948 seconds.
Native extension for WindowsStandalone target not found
Native extension for WebGL target not found
Refreshing native plugins compatible for Editor in 99.13 ms, found 2 plugins.
Preloading 0 native plugins for Editor in 0.00 ms.
Mono: successfully reloaded assembly
- Completed reload, in  3.053 seconds
Domain Reload Profiling:
	ReloadAssembly (3053ms)
		BeginReloadAssembly (83ms)
			ExecutionOrderSort (0ms)
			DisableScriptedObjects (0ms)
			BackupInstance (0ms)
			ReleaseScriptingObjects (0ms)
			CreateAndSetChildDomain (1ms)
		EndReloadAssembly (607ms)
			LoadAssemblies (77ms)
			RebuildTransferFunctionScriptingTraits (0ms)
			SetupTypeCache (221ms)
			ReleaseScriptCaches (0ms)
			RebuildScriptCaches (40ms)
			SetupLoadedEditorAssemblies (278ms)
				LogAssemblyErrors (0ms)
				InitializePlatformSupportModulesInManaged (9ms)
				SetLoadedEditorAssemblies (0ms)
				RefreshPlugins (99ms)
				BeforeProcessingInitializeOnLoad (2ms)
				ProcessInitializeOnLoadAttributes (125ms)
				ProcessInitializeOnLoadMethodAttributes (42ms)
				AfterProcessingInitializeOnLoad (0ms)
				EditorAssembliesLoaded (0ms)
			ExecutionOrderSort2 (0ms)
			AwakeInstancesAfterBackupRestoration (0ms)
Platform modules already initialized, skipping
Registering precompiled user dll's ...
Registered in 0.005239 seconds.
Begin MonoManager ReloadAssembly
Native extension for WindowsStandalone target not found
Native extension for WebGL target not found
Refreshing native plugins compatible for Editor in 110.77 ms, found 2 plugins.
Preloading 0 native plugins for Editor in 0.00 ms.
Mono: successfully reloaded assembly
- Completed reload, in  1.991 seconds
Domain Reload Profiling:
	ReloadAssembly (1991ms)
		BeginReloadAssembly (205ms)
			ExecutionOrderSort (0ms)
			DisableScriptedObjects (6ms)
			BackupInstance (0ms)
			ReleaseScriptingObjects (0ms)
			CreateAndSetChildDomain (25ms)
		EndReloadAssembly (1691ms)
			LoadAssemblies (126ms)
			RebuildTransferFunctionScriptingTraits (0ms)
			SetupTypeCache (466ms)
			ReleaseScriptCaches (1ms)
			RebuildScriptCaches (130ms)
			SetupLoadedEditorAssemblies (842ms)
				LogAssemblyErrors (0ms)
				InitializePlatformSupportModulesInManaged (6ms)
				SetLoadedEditorAssemblies (0ms)
				RefreshPlugins (111ms)
				BeforeProcessingInitializeOnLoad (110ms)
				ProcessInitializeOnLoadAttributes (412ms)
				ProcessInitializeOnLoadMethodAttributes (186ms)
				AfterProcessingInitializeOnLoad (16ms)
				EditorAssembliesLoaded (0ms)
			ExecutionOrderSort2 (0ms)
			AwakeInstancesAfterBackupRestoration (9ms)
Platform modules already initialized, skipping
========================================================================
Worker process is ready to serve import requests
Launched and connected shader compiler UnityShaderCompiler.exe after 0.06 seconds
Refreshing native plugins compatible for Editor in 1.35 ms, found 2 plugins.
Preloading 0 native plugins for Editor in 0.00 ms.
Unloading 4015 Unused Serialized files (Serialized files now loaded: 0)
System memory in use before: 201.7 MB.
System memory in use after: 201.9 MB.

Unloading 19 unused Assets to reduce memory usage. Loaded Objects now: 4481.
Total: 3.448600 ms (FindLiveObjects: 0.320300 ms CreateObjectMapping: 0.242600 ms MarkObjects: 2.803700 ms  DeleteObjects: 0.080800 ms)

AssetImportParameters requested are different than current active one (requested -> active):
  custom:framework-win-MediaFoundation: 216162199b28c13a410421893ffa2e32 -> 
  custom:video-decoder-ogg-theora: a1e56fd34408186e4bbccfd4996cb3dc -> 
  custom:container-muxer-webm: aa71ff27fc2769a1b78a27578f13a17b -> 
  custom:container-demuxer-webm: 4f35f7cbe854078d1ac9338744f61a02 -> 
  custom:container-demuxer-ogg: 62fdf1f143b41e24485cea50d1cbac27 -> 
  custom:video-encoder-webm-vp8: eb34c28f22e8b96e1ab97ce403110664 -> 
  custom:video-codec-MediaFoundation-h265: 746d11721c4dcdbdad8f713fa42b33f4 -> 
  custom:video-decoder-webm-vp8: 9c59270c3fd7afecdb556c50c9e8de78 -> 
  custom:audio-decoder-ogg-vorbis: bf7c407c2cedff20999df2af8eb42d56 -> 
  custom:audio-encoder-webm-vorbis: bf7c407c2cedff20999df2af8eb42d56 -> 
========================================================================
Received Import Request.
  path: Assets/MassiveCloudsAtmos/Prefab/AtmosPad - Natural - High.prefab
  artifactKey: Guid(85436ec9854af184d9f29856321cfdce) Importer(815301076,1909f56bfc062723c751e8b465ee728b)
Start importing Assets/MassiveCloudsAtmos/Prefab/AtmosPad - Natural - High.prefab using Guid(85436ec9854af184d9f29856321cfdce) Importer(815301076,1909f56bfc062723c751e8b465ee728b)  -> (artifact id: 'de7fc7fdd06729c77ce46cb61ad01775') in 0.260512 seconds 
========================================================================
Received Import Request.
  Time since last request: 6.181265 seconds.
  path: Assets/MassiveCloudsAtmos/Prefab/AtmosPad - Natural - High.prefab
  artifactKey: Guid(85436ec9854af184d9f29856321cfdce) Importer(815301076,1909f56bfc062723c751e8b465ee728b)
Start importing Assets/MassiveCloudsAtmos/Prefab/AtmosPad - Natural - High.prefab using Guid(85436ec9854af184d9f29856321cfdce) Importer(815301076,1909f56bfc062723c751e8b465ee728b)  -> (artifact id: 'ffdc6ca0c36acc82c151c4fa418629fa') in 0.164736 seconds 
========================================================================
Received Import Request.
  Time since last request: 4.288204 seconds.
  path: Assets/MassiveCloudsAtmos/Prefab/AtmosPad - Natural - High.prefab
  artifactKey: Guid(85436ec9854af184d9f29856321cfdce) Importer(815301076,1909f56bfc062723c751e8b465ee728b)
Start importing Assets/MassiveCloudsAtmos/Prefab/AtmosPad - Natural - High.prefab using Guid(85436ec9854af184d9f29856321cfdce) Importer(815301076,1909f56bfc062723c751e8b465ee728b)  -> (artifact id: '2c880e10d38c962aaf0f12074f479c75') in 0.157663 seconds 
========================================================================
Received Import Request.
  Time since last request: 3.159600 seconds.
  path: Assets/MassiveCloudsAtmos/Prefab/AtmosPad - Natural - High.prefab
  artifactKey: Guid(85436ec9854af184d9f29856321cfdce) Importer(815301076,1909f56bfc062723c751e8b465ee728b)
Start importing Assets/MassiveCloudsAtmos/Prefab/AtmosPad - Natural - High.prefab using Guid(85436ec9854af184d9f29856321cfdce) Importer(815301076,1909f56bfc062723c751e8b465ee728b)  -> (artifact id: '3a9d891f2ab09be31efd41afa14a2143') in 0.157989 seconds 
========================================================================
Received Import Request.
  Time since last request: 63.047885 seconds.
  path: Assets/MassiveCloudsAtmos/Prefab/AtmosPad - Natural - High.prefab
  artifactKey: Guid(85436ec9854af184d9f29856321cfdce) Importer(815301076,1909f56bfc062723c751e8b465ee728b)
Start importing Assets/MassiveCloudsAtmos/Prefab/AtmosPad - Natural - High.prefab using Guid(85436ec9854af184d9f29856321cfdce) Importer(815301076,1909f56bfc062723c751e8b465ee728b)  -> (artifact id: '00000000000000000000000000000000') in 0.154604 seconds  code(4) message(Build asset version error: assets/massivecloudsatmos/prefab/atmospad - natural - high.prefab in SourceAssetDB has modification time of '2021-07-24T07:40:47.7437631Z' while content on disk has modification time of '2021-07-24T07:40:47.9572513Z')
  ERROR: Build asset version error: assets/massivecloudsatmos/prefab/atmospad - natural - high.prefab in SourceAssetDB has modification time of '2021-07-24T07:40:47.7437631Z' while content on disk has modification time of '2021-07-24T07:40:47.9572513Z'
========================================================================
Received Import Request.
  Time since last request: 0.208914 seconds.
  path: Assets/MassiveCloudsAtmos/Prefab/AtmosPad - Natural - High.prefab
  artifactKey: Guid(85436ec9854af184d9f29856321cfdce) Importer(815301076,1909f56bfc062723c751e8b465ee728b)
Start importing Assets/MassiveCloudsAtmos/Prefab/AtmosPad - Natural - High.prefab using Guid(85436ec9854af184d9f29856321cfdce) Importer(815301076,1909f56bfc062723c751e8b465ee728b)  -> (artifact id: '8e9a877eea00bad62f37745d41fc4971') in 0.153649 seconds 
========================================================================
Received Import Request.
  Time since last request: 0.346761 seconds.
  path: Assets/MassiveCloudsAtmos/Prefab/AtmosPad - Natural - High.prefab
  artifactKey: Guid(85436ec9854af184d9f29856321cfdce) Importer(815301076,1909f56bfc062723c751e8b465ee728b)
Start importing Assets/MassiveCloudsAtmos/Prefab/AtmosPad - Natural - High.prefab using Guid(85436ec9854af184d9f29856321cfdce) Importer(815301076,1909f56bfc062723c751e8b465ee728b)  -> (artifact id: 'cbe91c48e9b7515f9f1fca6376db788c') in 0.158482 seconds 
========================================================================
Received Import Request.
  Time since last request: 0.048339 seconds.
  path: Assets/MassiveCloudsAtmos/Prefab/AtmosPad - Natural - High.prefab
  artifactKey: Guid(85436ec9854af184d9f29856321cfdce) Importer(815301076,1909f56bfc062723c751e8b465ee728b)
Start importing Assets/MassiveCloudsAtmos/Prefab/AtmosPad - Natural - High.prefab using Guid(85436ec9854af184d9f29856321cfdce) Importer(815301076,1909f56bfc062723c751e8b465ee728b)  -> (artifact id: '3fc98a50547dfe1224533344b635fa7e') in 0.181662 seconds 
========================================================================
Received Import Request.
  Time since last request: 0.064469 seconds.
  path: Assets/MassiveCloudsAtmos/Prefab/AtmosPad - Natural - High.prefab
  artifactKey: Guid(85436ec9854af184d9f29856321cfdce) Importer(815301076,1909f56bfc062723c751e8b465ee728b)
Start importing Assets/MassiveCloudsAtmos/Prefab/AtmosPad - Natural - High.prefab using Guid(85436ec9854af184d9f29856321cfdce) Importer(815301076,1909f56bfc062723c751e8b465ee728b)  -> (artifact id: '51f0a0fd520cf8e0beb90445db32173a') in 0.170088 seconds 
========================================================================
Received Import Request.
  Time since last request: 0.040456 seconds.
  path: Assets/MassiveCloudsAtmos/Prefab/AtmosPad - Natural - High.prefab
  artifactKey: Guid(85436ec9854af184d9f29856321cfdce) Importer(815301076,1909f56bfc062723c751e8b465ee728b)
Start importing Assets/MassiveCloudsAtmos/Prefab/AtmosPad - Natural - High.prefab using Guid(85436ec9854af184d9f29856321cfdce) Importer(815301076,1909f56bfc062723c751e8b465ee728b)  -> (artifact id: '0ed25b69096c6c92f765c6d1759de58d') in 0.172433 seconds 
========================================================================
Received Import Request.
  Time since last request: 0.235965 seconds.
  path: Assets/MassiveCloudsAtmos/Prefab/AtmosPad - Natural - High.prefab
  artifactKey: Guid(85436ec9854af184d9f29856321cfdce) Importer(815301076,1909f56bfc062723c751e8b465ee728b)
Start importing Assets/MassiveCloudsAtmos/Prefab/AtmosPad - Natural - High.prefab using Guid(85436ec9854af184d9f29856321cfdce) Importer(815301076,1909f56bfc062723c751e8b465ee728b)  -> (artifact id: '7b3d62aca676215d1c895a02afc4be6a') in 0.158448 seconds 
========================================================================
Received Import Request.
  Time since last request: 0.043355 seconds.
  path: Assets/MassiveCloudsAtmos/Prefab/AtmosPad - Natural - High.prefab
  artifactKey: Guid(85436ec9854af184d9f29856321cfdce) Importer(815301076,1909f56bfc062723c751e8b465ee728b)
Start importing Assets/MassiveCloudsAtmos/Prefab/AtmosPad - Natural - High.prefab using Guid(85436ec9854af184d9f29856321cfdce) Importer(815301076,1909f56bfc062723c751e8b465ee728b)  -> (artifact id: '3bc2789b90f702d2f7819c32389f095c') in 0.162367 seconds 
========================================================================
Received Import Request.
  Time since last request: 0.873331 seconds.
  path: Assets/MassiveCloudsAtmos/Prefab/AtmosPad - Natural - High.prefab
  artifactKey: Guid(85436ec9854af184d9f29856321cfdce) Importer(815301076,1909f56bfc062723c751e8b465ee728b)
Start importing Assets/MassiveCloudsAtmos/Prefab/AtmosPad - Natural - High.prefab using Guid(85436ec9854af184d9f29856321cfdce) Importer(815301076,1909f56bfc062723c751e8b465ee728b)  -> (artifact id: 'b67829e28e60c17e67f78043782c5923') in 0.150946 seconds 
========================================================================
Received Import Request.
  Time since last request: 0.058343 seconds.
  path: Assets/MassiveCloudsAtmos/Prefab/AtmosPad - Natural - High.prefab
  artifactKey: Guid(85436ec9854af184d9f29856321cfdce) Importer(815301076,1909f56bfc062723c751e8b465ee728b)
Start importing Assets/MassiveCloudsAtmos/Prefab/AtmosPad - Natural - High.prefab using Guid(85436ec9854af184d9f29856321cfdce) Importer(815301076,1909f56bfc062723c751e8b465ee728b)  -> (artifact id: 'c222692794a80bf5b9a2df550641cbb5') in 0.164283 seconds 
========================================================================
Received Import Request.
  Time since last request: 0.056658 seconds.
  path: Assets/MassiveCloudsAtmos/Prefab/AtmosPad - Natural - High.prefab
  artifactKey: Guid(85436ec9854af184d9f29856321cfdce) Importer(815301076,1909f56bfc062723c751e8b465ee728b)
Start importing Assets/MassiveCloudsAtmos/Prefab/AtmosPad - Natural - High.prefab using Guid(85436ec9854af184d9f29856321cfdce) Importer(815301076,1909f56bfc062723c751e8b465ee728b)  -> (artifact id: '3db5e2183de17f2626f948ef4bccabb4') in 0.164449 seconds 
========================================================================
Received Import Request.
  Time since last request: 0.054457 seconds.
  path: Assets/MassiveCloudsAtmos/Prefab/AtmosPad - Natural - High.prefab
  artifactKey: Guid(85436ec9854af184d9f29856321cfdce) Importer(815301076,1909f56bfc062723c751e8b465ee728b)
Start importing Assets/MassiveCloudsAtmos/Prefab/AtmosPad - Natural - High.prefab using Guid(85436ec9854af184d9f29856321cfdce) Importer(815301076,1909f56bfc062723c751e8b465ee728b)  -> (artifact id: '7facfebf92160b561a3569a7efd0c5cc') in 0.165547 seconds 
========================================================================
Received Import Request.
  Time since last request: 0.064694 seconds.
  path: Assets/MassiveCloudsAtmos/Prefab/AtmosPad - Natural - High.prefab
  artifactKey: Guid(85436ec9854af184d9f29856321cfdce) Importer(815301076,1909f56bfc062723c751e8b465ee728b)
Start importing Assets/MassiveCloudsAtmos/Prefab/AtmosPad - Natural - High.prefab using Guid(85436ec9854af184d9f29856321cfdce) Importer(815301076,1909f56bfc062723c751e8b465ee728b)  -> (artifact id: 'ed1481ed6a198bbb2c0f3e197bf41c04') in 0.173234 seconds 
========================================================================
Received Import Request.
  Time since last request: 0.669748 seconds.
  path: Assets/MassiveCloudsAtmos/Prefab/AtmosPad - Natural - High.prefab
  artifactKey: Guid(85436ec9854af184d9f29856321cfdce) Importer(815301076,1909f56bfc062723c751e8b465ee728b)
Start importing Assets/MassiveCloudsAtmos/Prefab/AtmosPad - Natural - High.prefab using Guid(85436ec9854af184d9f29856321cfdce) Importer(815301076,1909f56bfc062723c751e8b465ee728b)  -> (artifact id: 'c9b972c77fd1b317c1f86e9173255518') in 0.154780 seconds 
========================================================================
Received Import Request.
  Time since last request: 0.074505 seconds.
  path: Assets/MassiveCloudsAtmos/Prefab/AtmosPad - Natural - High.prefab
  artifactKey: Guid(85436ec9854af184d9f29856321cfdce) Importer(815301076,1909f56bfc062723c751e8b465ee728b)
Start importing Assets/MassiveCloudsAtmos/Prefab/AtmosPad - Natural - High.prefab using Guid(85436ec9854af184d9f29856321cfdce) Importer(815301076,1909f56bfc062723c751e8b465ee728b)  -> (artifact id: '00000000000000000000000000000000') in 0.165248 seconds  code(4) message(Build asset version error: assets/massivecloudsatmos/prefab/atmospad - natural - high.prefab in SourceAssetDB has modification time of '2021-07-24T07:40:52.9735899Z' while content on disk has modification time of '2021-07-24T07:40:53.2011075Z')
  ERROR: Build asset version error: assets/massivecloudsatmos/prefab/atmospad - natural - high.prefab in SourceAssetDB has modification time of '2021-07-24T07:40:52.9735899Z' while content on disk has modification time of '2021-07-24T07:40:53.2011075Z'
========================================================================
Received Import Request.
  Time since last request: 0.056019 seconds.
  path: Assets/MassiveCloudsAtmos/Prefab/AtmosPad - Natural - High.prefab
  artifactKey: Guid(85436ec9854af184d9f29856321cfdce) Importer(815301076,1909f56bfc062723c751e8b465ee728b)
Start importing Assets/MassiveCloudsAtmos/Prefab/AtmosPad - Natural - High.prefab using Guid(85436ec9854af184d9f29856321cfdce) Importer(815301076,1909f56bfc062723c751e8b465ee728b)  -> (artifact id: '3191e6393cc76e571b4ab71e3cd3705e') in 0.166161 seconds 
========================================================================
Received Import Request.
  Time since last request: 0.059643 seconds.
  path: Assets/MassiveCloudsAtmos/Prefab/AtmosPad - Natural - High.prefab
  artifactKey: Guid(85436ec9854af184d9f29856321cfdce) Importer(815301076,1909f56bfc062723c751e8b465ee728b)
Start importing Assets/MassiveCloudsAtmos/Prefab/AtmosPad - Natural - High.prefab using Guid(85436ec9854af184d9f29856321cfdce) Importer(815301076,1909f56bfc062723c751e8b465ee728b)  -> (artifact id: '00000000000000000000000000000000') in 0.164348 seconds  code(4) message(Build asset version error: assets/massivecloudsatmos/prefab/atmospad - natural - high.prefab in SourceAssetDB has modification time of '2021-07-24T07:40:53.4347038Z' while content on disk has modification time of '2021-07-24T07:40:53.6638004Z')
  ERROR: Build asset version error: assets/massivecloudsatmos/prefab/atmospad - natural - high.prefab in SourceAssetDB has modification time of '2021-07-24T07:40:53.4347038Z' while content on disk has modification time of '2021-07-24T07:40:53.6638004Z'
========================================================================
Received Import Request.
  Time since last request: 0.057676 seconds.
  path: Assets/MassiveCloudsAtmos/Prefab/AtmosPad - Natural - High.prefab
  artifactKey: Guid(85436ec9854af184d9f29856321cfdce) Importer(815301076,1909f56bfc062723c751e8b465ee728b)
Start importing Assets/MassiveCloudsAtmos/Prefab/AtmosPad - Natural - High.prefab using Guid(85436ec9854af184d9f29856321cfdce) Importer(815301076,1909f56bfc062723c751e8b465ee728b)  -> (artifact id: '34b08d554c703eb04b32489cc001c6b5') in 0.164266 seconds 
========================================================================
Received Import Request.
  Time since last request: 0.086102 seconds.
  path: Assets/MassiveCloudsAtmos/Prefab/AtmosPad - Natural - High.prefab
  artifactKey: Guid(85436ec9854af184d9f29856321cfdce) Importer(815301076,1909f56bfc062723c751e8b465ee728b)
Start importing Assets/MassiveCloudsAtmos/Prefab/AtmosPad - Natural - High.prefab using Guid(85436ec9854af184d9f29856321cfdce) Importer(815301076,1909f56bfc062723c751e8b465ee728b)  -> (artifact id: '00000000000000000000000000000000') in 0.158856 seconds  code(4) message(Build asset version error: assets/massivecloudsatmos/prefab/atmospad - natural - high.prefab in SourceAssetDB has modification time of '2021-07-24T07:40:53.9066617Z' while content on disk has modification time of '2021-07-24T07:40:54.1410667Z')
  ERROR: Build asset version error: assets/massivecloudsatmos/prefab/atmospad - natural - high.prefab in SourceAssetDB has modification time of '2021-07-24T07:40:53.9066617Z' while content on disk has modification time of '2021-07-24T07:40:54.1410667Z'
========================================================================
Received Import Request.
  Time since last request: 0.054513 seconds.
  path: Assets/MassiveCloudsAtmos/Prefab/AtmosPad - Natural - High.prefab
  artifactKey: Guid(85436ec9854af184d9f29856321cfdce) Importer(815301076,1909f56bfc062723c751e8b465ee728b)
Start importing Assets/MassiveCloudsAtmos/Prefab/AtmosPad - Natural - High.prefab using Guid(85436ec9854af184d9f29856321cfdce) Importer(815301076,1909f56bfc062723c751e8b465ee728b)  -> (artifact id: 'bebc306baf7fb0929655b78b7d3ccbe4') in 0.160712 seconds 
========================================================================
Received Import Request.
  Time since last request: 0.052526 seconds.
  path: Assets/MassiveCloudsAtmos/Prefab/AtmosPad - Natural - High.prefab
  artifactKey: Guid(85436ec9854af184d9f29856321cfdce) Importer(815301076,1909f56bfc062723c751e8b465ee728b)
Start importing Assets/MassiveCloudsAtmos/Prefab/AtmosPad - Natural - High.prefab using Guid(85436ec9854af184d9f29856321cfdce) Importer(815301076,1909f56bfc062723c751e8b465ee728b)  -> (artifact id: 'c6d6b08e4cd79c16b558687946a6e850') in 0.163188 seconds 
========================================================================
Received Import Request.
  Time since last request: 0.232162 seconds.
  path: Assets/MassiveCloudsAtmos/Prefab/AtmosPad - Natural - High.prefab
  artifactKey: Guid(85436ec9854af184d9f29856321cfdce) Importer(815301076,1909f56bfc062723c751e8b465ee728b)
Start importing Assets/MassiveCloudsAtmos/Prefab/AtmosPad - Natural - High.prefab using Guid(85436ec9854af184d9f29856321cfdce) Importer(815301076,1909f56bfc062723c751e8b465ee728b)  -> (artifact id: '37435a1405c04a69b8edbdd779951f0b') in 0.161831 seconds 
========================================================================
Received Import Request.
  Time since last request: 0.063858 seconds.
  path: Assets/MassiveCloudsAtmos/Prefab/AtmosPad - Natural - High.prefab
  artifactKey: Guid(85436ec9854af184d9f29856321cfdce) Importer(815301076,1909f56bfc062723c751e8b465ee728b)
Start importing Assets/MassiveCloudsAtmos/Prefab/AtmosPad - Natural - High.prefab using Guid(85436ec9854af184d9f29856321cfdce) Importer(815301076,1909f56bfc062723c751e8b465ee728b)  -> (artifact id: '00000000000000000000000000000000') in 0.163959 seconds  code(4) message(Build asset version error: assets/massivecloudsatmos/prefab/atmospad - natural - high.prefab in SourceAssetDB has modification time of '2021-07-24T07:40:54.9962171Z' while content on disk has modification time of '2021-07-24T07:40:55.2183764Z')
  ERROR: Build asset version error: assets/massivecloudsatmos/prefab/atmospad - natural - high.prefab in SourceAssetDB has modification time of '2021-07-24T07:40:54.9962171Z' while content on disk has modification time of '2021-07-24T07:40:55.2183764Z'
========================================================================
Received Import Request.
  Time since last request: 0.069787 seconds.
  path: Assets/MassiveCloudsAtmos/Prefab/AtmosPad - Natural - High.prefab
  artifactKey: Guid(85436ec9854af184d9f29856321cfdce) Importer(815301076,1909f56bfc062723c751e8b465ee728b)
Start importing Assets/MassiveCloudsAtmos/Prefab/AtmosPad - Natural - High.prefab using Guid(85436ec9854af184d9f29856321cfdce) Importer(815301076,1909f56bfc062723c751e8b465ee728b)  -> (artifact id: '52882feddb38dafc0d203eb4d6e81e54') in 0.159341 seconds 
========================================================================
Received Import Request.
  Time since last request: 0.187244 seconds.
  path: Assets/MassiveCloudsAtmos/Prefab/AtmosPad - Natural - High.prefab
  artifactKey: Guid(85436ec9854af184d9f29856321cfdce) Importer(815301076,1909f56bfc062723c751e8b465ee728b)
Start importing Assets/MassiveCloudsAtmos/Prefab/AtmosPad - Natural - High.prefab using Guid(85436ec9854af184d9f29856321cfdce) Importer(815301076,1909f56bfc062723c751e8b465ee728b)  -> (artifact id: '06598a2618d9616356e31223111e7358') in 0.139386 seconds 
========================================================================
Received Import Request.
  Time since last request: 0.243485 seconds.
  path: Assets/MassiveCloudsAtmos/Prefab/AtmosPad - Natural - High.prefab
  artifactKey: Guid(85436ec9854af184d9f29856321cfdce) Importer(815301076,1909f56bfc062723c751e8b465ee728b)
Start importing Assets/MassiveCloudsAtmos/Prefab/AtmosPad - Natural - High.prefab using Guid(85436ec9854af184d9f29856321cfdce) Importer(815301076,1909f56bfc062723c751e8b465ee728b)  -> (artifact id: 'f146844acb8f5af47077991899c5c848') in 0.144457 seconds 
========================================================================
Received Import Request.
  Time since last request: 0.000307 seconds.
  path: Assets/MassiveCloudsAtmos/Prefab/AtmosPad - Natural - High.prefab
  artifactKey: Guid(85436ec9854af184d9f29856321cfdce) Importer(815301076,1909f56bfc062723c751e8b465ee728b)
Start importing Assets/MassiveCloudsAtmos/Prefab/AtmosPad - Natural - High.prefab using Guid(85436ec9854af184d9f29856321cfdce) Importer(815301076,1909f56bfc062723c751e8b465ee728b)  -> (artifact id: 'f0230beb8ecfdd568a41354a05af58ad') in 0.141981 seconds 
========================================================================
Received Import Request.
  Time since last request: 0.040174 seconds.
  path: Assets/MassiveCloudsAtmos/Prefab/AtmosPad - Natural - High.prefab
  artifactKey: Guid(85436ec9854af184d9f29856321cfdce) Importer(815301076,1909f56bfc062723c751e8b465ee728b)
Start importing Assets/MassiveCloudsAtmos/Prefab/AtmosPad - Natural - High.prefab using Guid(85436ec9854af184d9f29856321cfdce) Importer(815301076,1909f56bfc062723c751e8b465ee728b)  -> (artifact id: 'b847326b505a61a3c6ec564ca9347d8c') in 0.153539 seconds 
========================================================================
Received Import Request.
  Time since last request: 0.050288 seconds.
  path: Assets/MassiveCloudsAtmos/Prefab/AtmosPad - Natural - High.prefab
  artifactKey: Guid(85436ec9854af184d9f29856321cfdce) Importer(815301076,1909f56bfc062723c751e8b465ee728b)
Start importing Assets/MassiveCloudsAtmos/Prefab/AtmosPad - Natural - High.prefab using Guid(85436ec9854af184d9f29856321cfdce) Importer(815301076,1909f56bfc062723c751e8b465ee728b)  -> (artifact id: '833fcb7ca4db8533c3a580c8a430bb3c') in 0.159394 seconds 
========================================================================
Received Import Request.
  Time since last request: 4.786809 seconds.
  path: Assets/MassiveCloudsAtmos/Prefab/AtmosPad - Natural - High.prefab
  artifactKey: Guid(85436ec9854af184d9f29856321cfdce) Importer(815301076,1909f56bfc062723c751e8b465ee728b)
Start importing Assets/MassiveCloudsAtmos/Prefab/AtmosPad - Natural - High.prefab using Guid(85436ec9854af184d9f29856321cfdce) Importer(815301076,1909f56bfc062723c751e8b465ee728b)  -> (artifact id: '96982483c12c4b0941c8ab502c5eceda') in 0.162639 seconds 
========================================================================
Received Import Request.
  Time since last request: 0.374937 seconds.
  path: Assets/MassiveCloudsAtmos/Prefab/AtmosPad - Natural - High.prefab
  artifactKey: Guid(85436ec9854af184d9f29856321cfdce) Importer(815301076,1909f56bfc062723c751e8b465ee728b)
Start importing Assets/MassiveCloudsAtmos/Prefab/AtmosPad - Natural - High.prefab using Guid(85436ec9854af184d9f29856321cfdce) Importer(815301076,1909f56bfc062723c751e8b465ee728b)  -> (artifact id: 'e9816abac70ffb481415375eb156bb1b') in 0.156888 seconds 
========================================================================
Received Import Request.
  Time since last request: 0.066283 seconds.
  path: Assets/MassiveCloudsAtmos/Prefab/AtmosPad - Natural - High.prefab
  artifactKey: Guid(85436ec9854af184d9f29856321cfdce) Importer(815301076,1909f56bfc062723c751e8b465ee728b)
Start importing Assets/MassiveCloudsAtmos/Prefab/AtmosPad - Natural - High.prefab using Guid(85436ec9854af184d9f29856321cfdce) Importer(815301076,1909f56bfc062723c751e8b465ee728b)  -> (artifact id: '88fd66c0eaa11f7b897dd220b1b8a4bd') in 0.165278 seconds 
========================================================================
Received Import Request.
  Time since last request: 0.283314 seconds.
  path: Assets/MassiveCloudsAtmos/Prefab/AtmosPad - Natural - High.prefab
  artifactKey: Guid(85436ec9854af184d9f29856321cfdce) Importer(815301076,1909f56bfc062723c751e8b465ee728b)
Start importing Assets/MassiveCloudsAtmos/Prefab/AtmosPad - Natural - High.prefab using Guid(85436ec9854af184d9f29856321cfdce) Importer(815301076,1909f56bfc062723c751e8b465ee728b)  -> (artifact id: '00000000000000000000000000000000') in 0.152503 seconds  code(4) message(Build asset version error: assets/massivecloudsatmos/prefab/atmospad - natural - high.prefab in SourceAssetDB has modification time of '2021-07-24T07:41:02.8069144Z' while content on disk has modification time of '2021-07-24T07:41:03.0186195Z')
  ERROR: Build asset version error: assets/massivecloudsatmos/prefab/atmospad - natural - high.prefab in SourceAssetDB has modification time of '2021-07-24T07:41:02.8069144Z' while content on disk has modification time of '2021-07-24T07:41:03.0186195Z'
========================================================================
Received Import Request.
  Time since last request: 0.055680 seconds.
  path: Assets/MassiveCloudsAtmos/Prefab/AtmosPad - Natural - High.prefab
  artifactKey: Guid(85436ec9854af184d9f29856321cfdce) Importer(815301076,1909f56bfc062723c751e8b465ee728b)
Start importing Assets/MassiveCloudsAtmos/Prefab/AtmosPad - Natural - High.prefab using Guid(85436ec9854af184d9f29856321cfdce) Importer(815301076,1909f56bfc062723c751e8b465ee728b)  -> (artifact id: '7cf50353e8955139012cee30bfa6695c') in 0.158296 seconds 
========================================================================
Received Import Request.
  Time since last request: 0.070304 seconds.
  path: Assets/MassiveCloudsAtmos/Prefab/AtmosPad - Natural - High.prefab
  artifactKey: Guid(85436ec9854af184d9f29856321cfdce) Importer(815301076,1909f56bfc062723c751e8b465ee728b)
Start importing Assets/MassiveCloudsAtmos/Prefab/AtmosPad - Natural - High.prefab using Guid(85436ec9854af184d9f29856321cfdce) Importer(815301076,1909f56bfc062723c751e8b465ee728b)  -> (artifact id: '00000000000000000000000000000000') in 0.160140 seconds  code(4) message(Build asset version error: assets/massivecloudsatmos/prefab/atmospad - natural - high.prefab in SourceAssetDB has modification time of '2021-07-24T07:41:03.2510812Z' while content on disk has modification time of '2021-07-24T07:41:03.4725371Z')
  ERROR: Build asset version error: assets/massivecloudsatmos/prefab/atmospad - natural - high.prefab in SourceAssetDB has modification time of '2021-07-24T07:41:03.2510812Z' while content on disk has modification time of '2021-07-24T07:41:03.4725371Z'
========================================================================
Received Import Request.
  Time since last request: 0.053398 seconds.
  path: Assets/MassiveCloudsAtmos/Prefab/AtmosPad - Natural - High.prefab
  artifactKey: Guid(85436ec9854af184d9f29856321cfdce) Importer(815301076,1909f56bfc062723c751e8b465ee728b)
Start importing Assets/MassiveCloudsAtmos/Prefab/AtmosPad - Natural - High.prefab using Guid(85436ec9854af184d9f29856321cfdce) Importer(815301076,1909f56bfc062723c751e8b465ee728b)  -> (artifact id: '51bf3ab33e21ab73fed2e47ed2d721c8') in 0.169131 seconds 
========================================================================
Received Import Request.
  Time since last request: 0.053192 seconds.
  path: Assets/MassiveCloudsAtmos/Prefab/AtmosPad - Natural - High.prefab
  artifactKey: Guid(85436ec9854af184d9f29856321cfdce) Importer(815301076,1909f56bfc062723c751e8b465ee728b)
Start importing Assets/MassiveCloudsAtmos/Prefab/AtmosPad - Natural - High.prefab using Guid(85436ec9854af184d9f29856321cfdce) Importer(815301076,1909f56bfc062723c751e8b465ee728b)  -> (artifact id: '9879f54a10685dbdad5e58eecffe55d3') in 0.164240 seconds 
========================================================================
Received Import Request.
  Time since last request: 0.061581 seconds.
  path: Assets/MassiveCloudsAtmos/Prefab/AtmosPad - Natural - High.prefab
  artifactKey: Guid(85436ec9854af184d9f29856321cfdce) Importer(815301076,1909f56bfc062723c751e8b465ee728b)
Start importing Assets/MassiveCloudsAtmos/Prefab/AtmosPad - Natural - High.prefab using Guid(85436ec9854af184d9f29856321cfdce) Importer(815301076,1909f56bfc062723c751e8b465ee728b)  -> (artifact id: '8851770508bccc4486f6a3ae1dfeca81') in 0.161635 seconds 
========================================================================
Received Import Request.
  Time since last request: 0.069491 seconds.
  path: Assets/MassiveCloudsAtmos/Prefab/AtmosPad - Natural - High.prefab
  artifactKey: Guid(85436ec9854af184d9f29856321cfdce) Importer(815301076,1909f56bfc062723c751e8b465ee728b)
Start importing Assets/MassiveCloudsAtmos/Prefab/AtmosPad - Natural - High.prefab using Guid(85436ec9854af184d9f29856321cfdce) Importer(815301076,1909f56bfc062723c751e8b465ee728b)  -> (artifact id: '323e8adbaf3bd778533a9f063a1a9b0a') in 0.171600 seconds 
========================================================================
Received Import Request.
  Time since last request: 0.047024 seconds.
  path: Assets/MassiveCloudsAtmos/Prefab/AtmosPad - Natural - High.prefab
  artifactKey: Guid(85436ec9854af184d9f29856321cfdce) Importer(815301076,1909f56bfc062723c751e8b465ee728b)
Start importing Assets/MassiveCloudsAtmos/Prefab/AtmosPad - Natural - High.prefab using Guid(85436ec9854af184d9f29856321cfdce) Importer(815301076,1909f56bfc062723c751e8b465ee728b)  -> (artifact id: '7d7b2a9cf7aa7a1cbc8ac6ecd40bedbc') in 0.162301 seconds 
========================================================================
Received Import Request.
  Time since last request: 0.030445 seconds.
  path: Assets/MassiveCloudsAtmos/Prefab/AtmosPad - Natural - High.prefab
  artifactKey: Guid(85436ec9854af184d9f29856321cfdce) Importer(815301076,1909f56bfc062723c751e8b465ee728b)
Start importing Assets/MassiveCloudsAtmos/Prefab/AtmosPad - Natural - High.prefab using Guid(85436ec9854af184d9f29856321cfdce) Importer(815301076,1909f56bfc062723c751e8b465ee728b)  -> (artifact id: '2359bbe457ae24e09f3d4aaa38df5fa9') in 0.162740 seconds 
========================================================================
Received Import Request.
  Time since last request: 0.071219 seconds.
  path: Assets/MassiveCloudsAtmos/Prefab/AtmosPad - Natural - High.prefab
  artifactKey: Guid(85436ec9854af184d9f29856321cfdce) Importer(815301076,1909f56bfc062723c751e8b465ee728b)
Start importing Assets/MassiveCloudsAtmos/Prefab/AtmosPad - Natural - High.prefab using Guid(85436ec9854af184d9f29856321cfdce) Importer(815301076,1909f56bfc062723c751e8b465ee728b)  -> (artifact id: '587a45d709cd7b87f729eb6321c3970a') in 0.164608 seconds 
========================================================================
Received Import Request.
  Time since last request: 0.028203 seconds.
  path: Assets/MassiveCloudsAtmos/Prefab/AtmosPad - Natural - High.prefab
  artifactKey: Guid(85436ec9854af184d9f29856321cfdce) Importer(815301076,1909f56bfc062723c751e8b465ee728b)
Start importing Assets/MassiveCloudsAtmos/Prefab/AtmosPad - Natural - High.prefab using Guid(85436ec9854af184d9f29856321cfdce) Importer(815301076,1909f56bfc062723c751e8b465ee728b)  -> (artifact id: 'e40af21eaca4594f0f7e7b1b237d4098') in 0.164603 seconds 
========================================================================
Received Prepare
Registering precompiled user dll's ...
Registered in 0.004829 seconds.
Begin MonoManager ReloadAssembly
Native extension for WindowsStandalone target not found
Native extension for WebGL target not found
Refreshing native plugins compatible for Editor in 0.79 ms, found 2 plugins.
Preloading 0 native plugins for Editor in 0.00 ms.
Mono: successfully reloaded assembly
- Completed reload, in  1.714 seconds
Domain Reload Profiling:
	ReloadAssembly (1715ms)
		BeginReloadAssembly (172ms)
			ExecutionOrderSort (0ms)
			DisableScriptedObjects (7ms)
			BackupInstance (0ms)
			ReleaseScriptingObjects (0ms)
			CreateAndSetChildDomain (49ms)
		EndReloadAssembly (1453ms)
			LoadAssemblies (128ms)
			RebuildTransferFunctionScriptingTraits (0ms)
			SetupTypeCache (463ms)
			ReleaseScriptCaches (3ms)
			RebuildScriptCaches (131ms)
			SetupLoadedEditorAssemblies (532ms)
				LogAssemblyErrors (0ms)
				InitializePlatformSupportModulesInManaged (8ms)
				SetLoadedEditorAssemblies (1ms)
				RefreshPlugins (1ms)
				BeforeProcessingInitializeOnLoad (109ms)
				ProcessInitializeOnLoadAttributes (386ms)
				ProcessInitializeOnLoadMethodAttributes (11ms)
				AfterProcessingInitializeOnLoad (16ms)
				EditorAssembliesLoaded (0ms)
			ExecutionOrderSort2 (0ms)
			AwakeInstancesAfterBackupRestoration (19ms)
Platform modules already initialized, skipping
Refreshing native plugins compatible for Editor in 0.76 ms, found 2 plugins.
Preloading 0 native plugins for Editor in 0.00 ms.
Unloading 3708 Unused Serialized files (Serialized files now loaded: 0)
System memory in use before: 184.0 MB.
System memory in use after: 184.3 MB.

Unloading 14 unused Assets to reduce memory usage. Loaded Objects now: 4484.
Total: 3.597500 ms (FindLiveObjects: 0.316300 ms CreateObjectMapping: 0.232500 ms MarkObjects: 3.028000 ms  DeleteObjects: 0.019400 ms)

AssetImportParameters requested are different than current active one (requested -> active):
  custom:framework-win-MediaFoundation: 216162199b28c13a410421893ffa2e32 -> 
  custom:video-decoder-ogg-theora: a1e56fd34408186e4bbccfd4996cb3dc -> 
  custom:container-muxer-webm: aa71ff27fc2769a1b78a27578f13a17b -> 
  custom:container-demuxer-webm: 4f35f7cbe854078d1ac9338744f61a02 -> 
  custom:container-demuxer-ogg: 62fdf1f143b41e24485cea50d1cbac27 -> 
  custom:video-encoder-webm-vp8: eb34c28f22e8b96e1ab97ce403110664 -> 
  custom:video-codec-MediaFoundation-h265: 746d11721c4dcdbdad8f713fa42b33f4 -> 
  custom:video-decoder-webm-vp8: 9c59270c3fd7afecdb556c50c9e8de78 -> 
  custom:audio-decoder-ogg-vorbis: bf7c407c2cedff20999df2af8eb42d56 -> 
  custom:audio-encoder-webm-vorbis: bf7c407c2cedff20999df2af8eb42d56 -> 
AssetImportWorkerClient::OnTransportError - code=2 error=End of file
